<?xml version="1.0" encoding="UTF-8"?>
<testsuite xmlns:xsi="http://www.w3.org/2001/XMLSchema-instance" xsi:noNamespaceSchemaLocation="https://maven.apache.org/surefire/maven-surefire-plugin/xsd/surefire-test-report.xsd" name="de.deminosa.AppTest" time="0.143" tests="4" errors="0" skipped="0" failures="0">
  <properties>
    <property name="java.specification.version" value="17"/>
    <property name="sun.cpu.isalist" value="amd64"/>
    <property name="sun.jnu.encoding" value="Cp1252"/>
    <property name="java.class.path" value="e:\Programming\Eclipse - Workspaces\Minecraft Projects\Minecraft 2FA\two-af\target\test-classes;e:\Programming\Eclipse - Workspaces\Minecraft Projects\Minecraft 2FA\two-af\target\classes;C:\Users\danie\.m2\repository\org\spigotmc\spigot-api\1.19.3-R0.1-SNAPSHOT\spigot-api-1.19.3-R0.1-SNAPSHOT.jar;C:\Users\danie\.m2\repository\com\google\guava\guava\31.1-jre\guava-31.1-jre.jar;C:\Users\danie\.m2\repository\com\google\guava\failureaccess\1.0.1\failureaccess-1.0.1.jar;C:\Users\danie\.m2\repository\com\google\guava\listenablefuture\9999.0-empty-to-avoid-conflict-with-guava\listenablefuture-9999.0-empty-to-avoid-conflict-with-guava.jar;C:\Users\danie\.m2\repository\com\google\code\findbugs\jsr305\3.0.2\jsr305-3.0.2.jar;C:\Users\danie\.m2\repository\org\checkerframework\checker-qual\3.12.0\checker-qual-3.12.0.jar;C:\Users\danie\.m2\repository\com\google\errorprone\error_prone_annotations\2.11.0\error_prone_annotations-2.11.0.jar;C:\Users\danie\.m2\repository\com\google\j2objc\j2objc-annotations\1.3\j2objc-annotations-1.3.jar;C:\Users\danie\.m2\repository\com\google\code\gson\gson\2.10\gson-2.10.jar;C:\Users\danie\.m2\repository\net\md-5\bungeecord-chat\1.16-R0.4\bungeecord-chat-1.16-R0.4.jar;C:\Users\danie\.m2\repository\org\yaml\snakeyaml\1.33\snakeyaml-1.33.jar;C:\Users\danie\.m2\repository\commons-codec\commons-codec\1.15\commons-codec-1.15.jar;C:\Users\danie\.m2\repository\com\google\zxing\javase\3.2.1\javase-3.2.1.jar;C:\Users\danie\.m2\repository\com\google\zxing\core\3.2.1\core-3.2.1.jar;C:\Users\danie\.m2\repository\com\beust\jcommander\1.48\jcommander-1.48.jar;C:\Users\danie\.m2\repository\net\md-5\bungeecord-api\1.19-R0.1-SNAPSHOT\bungeecord-api-1.19-R0.1-SNAPSHOT.jar;C:\Users\danie\.m2\repository\net\md-5\bungeecord-config\1.19-R0.1-SNAPSHOT\bungeecord-config-1.19-R0.1-SNAPSHOT.jar;C:\Users\danie\.m2\repository\net\md-5\bungeecord-event\1.19-R0.1-SNAPSHOT\bungeecord-event-1.19-R0.1-SNAPSHOT.jar;C:\Users\danie\.m2\repository\net\md-5\bungeecord-protocol\1.19-R0.1-SNAPSHOT\bungeecord-protocol-1.19-R0.1-SNAPSHOT.jar;C:\Users\danie\.m2\repository\net\md-5\brigadier\1.0.16-SNAPSHOT\brigadier-1.0.16-SNAPSHOT.jar;C:\Users\danie\.m2\repository\io\netty\netty-codec\4.1.85.Final\netty-codec-4.1.85.Final.jar;C:\Users\danie\.m2\repository\net\sf\trove4j\core\3.1.0\core-3.1.0.jar;C:\Users\danie\.m2\repository\se\llbit\jo-nbt\1.3.0\jo-nbt-1.3.0.jar;C:\Users\danie\.m2\repository\io\netty\netty-transport-native-unix-common\4.1.85.Final\netty-transport-native-unix-common-4.1.85.Final.jar;C:\Users\danie\.m2\repository\io\netty\netty-common\4.1.85.Final\netty-common-4.1.85.Final.jar;C:\Users\danie\.m2\repository\io\netty\netty-buffer\4.1.85.Final\netty-buffer-4.1.85.Final.jar;C:\Users\danie\.m2\repository\io\netty\netty-transport\4.1.85.Final\netty-transport-4.1.85.Final.jar;C:\Users\danie\.m2\repository\io\netty\netty-resolver\4.1.85.Final\netty-resolver-4.1.85.Final.jar;C:\Users\danie\.m2\repository\net\md-5\bungeecord-api\1.19-R0.1-SNAPSHOT\bungeecord-api-1.19-R0.1-SNAPSHOT-javadoc.jar;C:\Users\danie\.m2\repository\javax\servlet\javax.servlet-api\4.0.1\javax.servlet-api-4.0.1.jar;C:\Users\danie\.m2\repository\junit\junit\4.11\junit-4.11.jar;C:\Users\danie\.m2\repository\org\hamcrest\hamcrest-core\1.3\hamcrest-core-1.3.jar;"/>
    <property name="java.vm.vendor" value="Eclipse Adoptium"/>
    <property name="sun.arch.data.model" value="64"/>
    <property name="user.variant" value=""/>
    <property name="java.vendor.url" value="https://adoptium.net/"/>
    <property name="user.timezone" value="Europe/Berlin"/>
    <property name="os.name" value="Windows 11"/>
    <property name="java.vm.specification.version" value="17"/>
    <property name="sun.java.launcher" value="SUN_STANDARD"/>
    <property name="user.country" value="DE"/>
    <property name="sun.boot.library.path" value="C:\Program Files\Eclipse Adoptium\jdk-17.0.5.8-hotspot\bin"/>
    <property name="sun.java.command" value="C:\Users\danie\AppData\Local\Temp\surefire762848528021544856\surefirebooter12192620920830150483.jar C:\Users\danie\AppData\Local\Temp\surefire762848528021544856 2023-02-12T11-07-05_785-jvmRun1 surefire15410534945884546291tmp surefire_04881962732278565629tmp"/>
    <property name="jdk.debug" value="release"/>
    <property name="surefire.test.class.path" value="e:\Programming\Eclipse - Workspaces\Minecraft Projects\Minecraft 2FA\two-af\target\test-classes;e:\Programming\Eclipse - Workspaces\Minecraft Projects\Minecraft 2FA\two-af\target\classes;C:\Users\danie\.m2\repository\org\spigotmc\spigot-api\1.19.3-R0.1-SNAPSHOT\spigot-api-1.19.3-R0.1-SNAPSHOT.jar;C:\Users\danie\.m2\repository\com\google\guava\guava\31.1-jre\guava-31.1-jre.jar;C:\Users\danie\.m2\repository\com\google\guava\failureaccess\1.0.1\failureaccess-1.0.1.jar;C:\Users\danie\.m2\repository\com\google\guava\listenablefuture\9999.0-empty-to-avoid-conflict-with-guava\listenablefuture-9999.0-empty-to-avoid-conflict-with-guava.jar;C:\Users\danie\.m2\repository\com\google\code\findbugs\jsr305\3.0.2\jsr305-3.0.2.jar;C:\Users\danie\.m2\repository\org\checkerframework\checker-qual\3.12.0\checker-qual-3.12.0.jar;C:\Users\danie\.m2\repository\com\google\errorprone\error_prone_annotations\2.11.0\error_prone_annotations-2.11.0.jar;C:\Users\danie\.m2\repository\com\google\j2objc\j2objc-annotations\1.3\j2objc-annotations-1.3.jar;C:\Users\danie\.m2\repository\com\google\code\gson\gson\2.10\gson-2.10.jar;C:\Users\danie\.m2\repository\net\md-5\bungeecord-chat\1.16-R0.4\bungeecord-chat-1.16-R0.4.jar;C:\Users\danie\.m2\repository\org\yaml\snakeyaml\1.33\snakeyaml-1.33.jar;C:\Users\danie\.m2\repository\commons-codec\commons-codec\1.15\commons-codec-1.15.jar;C:\Users\danie\.m2\repository\com\google\zxing\javase\3.2.1\javase-3.2.1.jar;C:\Users\danie\.m2\repository\com\google\zxing\core\3.2.1\core-3.2.1.jar;C:\Users\danie\.m2\repository\com\beust\jcommander\1.48\jcommander-1.48.jar;C:\Users\danie\.m2\repository\net\md-5\bungeecord-api\1.19-R0.1-SNAPSHOT\bungeecord-api-1.19-R0.1-SNAPSHOT.jar;C:\Users\danie\.m2\repository\net\md-5\bungeecord-config\1.19-R0.1-SNAPSHOT\bungeecord-config-1.19-R0.1-SNAPSHOT.jar;C:\Users\danie\.m2\repository\net\md-5\bungeecord-event\1.19-R0.1-SNAPSHOT\bungeecord-event-1.19-R0.1-SNAPSHOT.jar;C:\Users\danie\.m2\repository\net\md-5\bungeecord-protocol\1.19-R0.1-SNAPSHOT\bungeecord-protocol-1.19-R0.1-SNAPSHOT.jar;C:\Users\danie\.m2\repository\net\md-5\brigadier\1.0.16-SNAPSHOT\brigadier-1.0.16-SNAPSHOT.jar;C:\Users\danie\.m2\repository\io\netty\netty-codec\4.1.85.Final\netty-codec-4.1.85.Final.jar;C:\Users\danie\.m2\repository\net\sf\trove4j\core\3.1.0\core-3.1.0.jar;C:\Users\danie\.m2\repository\se\llbit\jo-nbt\1.3.0\jo-nbt-1.3.0.jar;C:\Users\danie\.m2\repository\io\netty\netty-transport-native-unix-common\4.1.85.Final\netty-transport-native-unix-common-4.1.85.Final.jar;C:\Users\danie\.m2\repository\io\netty\netty-common\4.1.85.Final\netty-common-4.1.85.Final.jar;C:\Users\danie\.m2\repository\io\netty\netty-buffer\4.1.85.Final\netty-buffer-4.1.85.Final.jar;C:\Users\danie\.m2\repository\io\netty\netty-transport\4.1.85.Final\netty-transport-4.1.85.Final.jar;C:\Users\danie\.m2\repository\io\netty\netty-resolver\4.1.85.Final\netty-resolver-4.1.85.Final.jar;C:\Users\danie\.m2\repository\net\md-5\bungeecord-api\1.19-R0.1-SNAPSHOT\bungeecord-api-1.19-R0.1-SNAPSHOT-javadoc.jar;C:\Users\danie\.m2\repository\javax\servlet\javax.servlet-api\4.0.1\javax.servlet-api-4.0.1.jar;C:\Users\danie\.m2\repository\junit\junit\4.11\junit-4.11.jar;C:\Users\danie\.m2\repository\org\hamcrest\hamcrest-core\1.3\hamcrest-core-1.3.jar;"/>
    <property name="sun.cpu.endian" value="little"/>
    <property name="user.home" value="C:\Users\danie"/>
    <property name="user.language" value="de"/>
    <property name="java.specification.vendor" value="Oracle Corporation"/>
    <property name="java.version.date" value="2022-10-18"/>
    <property name="java.home" value="C:\Program Files\Eclipse Adoptium\jdk-17.0.5.8-hotspot"/>
    <property name="file.separator" value="\"/>
    <property name="basedir" value="e:\Programming\Eclipse - Workspaces\Minecraft Projects\Minecraft 2FA\two-af"/>
    <property name="java.vm.compressedOopsMode" value="Zero based"/>
    <property name="line.separator" value="&#10;"/>
    <property name="java.vm.specification.vendor" value="Oracle Corporation"/>
    <property name="java.specification.name" value="Java Platform API Specification"/>
    <property name="surefire.real.class.path" value="C:\Users\danie\AppData\Local\Temp\surefire762848528021544856\surefirebooter12192620920830150483.jar"/>
    <property name="user.script" value=""/>
    <property name="sun.management.compiler" value="HotSpot 64-Bit Tiered Compilers"/>
    <property name="java.runtime.version" value="17.0.5+8"/>
    <property name="user.name" value="Daniel"/>
    <property name="path.separator" value=";"/>
    <property name="os.version" value="10.0"/>
    <property name="java.runtime.name" value="OpenJDK Runtime Environment"/>
    <property name="file.encoding" value="Cp1252"/>
    <property name="java.vm.name" value="OpenJDK 64-Bit Server VM"/>
    <property name="java.vendor.version" value="Temurin-17.0.5+8"/>
    <property name="localRepository" value="C:\Users\danie\.m2\repository"/>
    <property name="java.vendor.url.bug" value="https://github.com/adoptium/adoptium-support/issues"/>
    <property name="java.io.tmpdir" value="C:\Users\danie\AppData\Local\Temp\"/>
    <property name="java.version" value="17.0.5"/>
    <property name="user.dir" value="e:\Programming\Eclipse - Workspaces\Minecraft Projects\Minecraft 2FA\two-af"/>
    <property name="os.arch" value="amd64"/>
    <property name="java.vm.specification.name" value="Java Virtual Machine Specification"/>
    <property name="sun.os.patch.level" value=""/>
    <property name="native.encoding" value="Cp1252"/>
    <property name="java.library.path" value="C:\Program Files\Eclipse Adoptium\jdk-17.0.5.8-hotspot\bin;C:\Windows\Sun\Java\bin;C:\Windows\system32;C:\Windows;C:\Program Files\Eclipse Adoptium\jdk-17.0.5.8-hotspot\bin;C:\Program Files\Eclipse Adoptium\jdk-8.0.352.8-hotspot\bin;C:\Windows\system32;C:\Windows;C:\Windows\System32\Wbem;C:\Windows\System32\WindowsPowerShell\v1.0\;C:\Windows\System32\OpenSSH\;C:\Program Files\PuTTY\;C:\Program Files\Microsoft VS Code\bin;C:\Program Files\NVIDIA Corporation\NVIDIA NvDLISR;C:\Program Files (x86)\NVIDIA Corporation\PhysX\Common;C:\Program Files (x86)\Touch Portal\plugins\adb\platform-tools;C:\Program Files\Git\cmd;C:\Users\danie\AppData\Local\Microsoft\WindowsApps;;."/>
    <property name="java.vm.info" value="mixed mode, sharing"/>
    <property name="java.vendor" value="Eclipse Adoptium"/>
    <property name="java.vm.version" value="17.0.5+8"/>
    <property name="sun.io.unicode.encoding" value="UnicodeLittle"/>
    <property name="java.class.version" value="61.0"/>
  </properties>
  <testcase name="getGoogleAuthenticatorBarCode" classname="de.deminosa.AppTest" time="0.004"/>
  <testcase name="shouldAnswerWithTrue" classname="de.deminosa.AppTest" time="0"/>
  <testcase name="createQRCode" classname="de.deminosa.AppTest" time="0.077"/>
  <testcase name="generateSecretKey" classname="de.deminosa.AppTest" time="0.001"/>
</testsuite>